<?xml version="1.0" encoding="UTF-8"?>
<coverage generated="1653971142855" clover="3.2.0">
  <project timestamp="1653971142855" name="All files">
    <metrics statements="65" coveredstatements="58" conditionals="2" coveredconditionals="2" methods="25" coveredmethods="20" elements="92" coveredelements="80" complexity="0" loc="65" ncloc="65" packages="9" files="10" classes="10"/>
    <package name="about-page">
      <metrics statements="2" coveredstatements="2" conditionals="0" coveredconditionals="0" methods="1" coveredmethods="1"/>
      <file name="About.jsx" path="/Users/cristianordonez/Workspace/final-projects/webpack-projects/ePortfolio/client/src/components/Home/about-page/About.jsx">
        <metrics statements="2" coveredstatements="2" conditionals="0" coveredconditionals="0" methods="1" coveredmethods="1"/>
        <line num="6" count="1" type="stmt"/>
        <line num="7" count="1" type="stmt"/>
      </file>
    </package>
    <package name="contact-page">
      <metrics statements="34" coveredstatements="29" conditionals="2" coveredconditionals="2" methods="10" coveredmethods="7"/>
      <file name="Contact.jsx" path="/Users/cristianordonez/Workspace/final-projects/webpack-projects/ePortfolio/client/src/components/Home/contact-page/Contact.jsx">
        <metrics statements="34" coveredstatements="29" conditionals="2" coveredconditionals="2" methods="10" coveredmethods="7"/>
        <line num="12" count="1" type="stmt"/>
        <line num="13" count="60" type="stmt"/>
        <line num="14" count="60" type="stmt"/>
        <line num="15" count="60" type="stmt"/>
        <line num="16" count="60" type="stmt"/>
        <line num="17" count="60" type="stmt"/>
        <line num="18" count="60" type="stmt"/>
        <line num="19" count="60" type="stmt"/>
        <line num="21" count="60" type="stmt"/>
        <line num="22" count="1" type="stmt"/>
        <line num="23" count="1" type="stmt"/>
        <line num="24" count="1" type="stmt"/>
        <line num="25" count="1" type="stmt"/>
        <line num="26" count="1" type="stmt"/>
        <line num="27" count="1" type="stmt"/>
        <line num="28" count="1" type="stmt"/>
        <line num="29" count="1" type="stmt"/>
        <line num="30" count="1" type="stmt"/>
        <line num="31" count="1" type="stmt"/>
        <line num="32" count="1" type="stmt"/>
        <line num="33" count="1" type="stmt"/>
        <line num="34" count="1" type="stmt"/>
        <line num="35" count="0" type="stmt"/>
        <line num="38" count="1" type="stmt"/>
        <line num="39" count="0" type="stmt"/>
        <line num="40" count="0" type="stmt"/>
        <line num="43" count="60" type="stmt"/>
        <line num="44" count="0" type="stmt"/>
        <line num="45" count="0" type="stmt"/>
        <line num="47" count="60" type="stmt"/>
        <line num="66" count="8" type="stmt"/>
        <line num="75" count="14" type="stmt"/>
        <line num="83" count="12" type="stmt"/>
        <line num="93" count="22" type="stmt"/>
      </file>
    </package>
    <package name="contact-page.rocket-svg">
      <metrics statements="2" coveredstatements="2" conditionals="0" coveredconditionals="0" methods="1" coveredmethods="1"/>
      <file name="Rocket.jsx" path="/Users/cristianordonez/Workspace/final-projects/webpack-projects/ePortfolio/client/src/components/Home/contact-page/rocket-svg/Rocket.jsx">
        <metrics statements="2" coveredstatements="2" conditionals="0" coveredconditionals="0" methods="1" coveredmethods="1"/>
        <line num="4" count="1" type="stmt"/>
        <line num="5" count="2" type="stmt"/>
      </file>
    </package>
    <package name="landing-page">
      <metrics statements="3" coveredstatements="3" conditionals="0" coveredconditionals="0" methods="1" coveredmethods="1"/>
      <file name="LandingPage.jsx" path="/Users/cristianordonez/Workspace/final-projects/webpack-projects/ePortfolio/client/src/components/Home/landing-page/LandingPage.jsx">
        <metrics statements="3" coveredstatements="3" conditionals="0" coveredconditionals="0" methods="1" coveredmethods="1"/>
        <line num="10" count="1" type="stmt"/>
        <line num="11" count="2" type="stmt"/>
        <line num="16" count="2" type="stmt"/>
      </file>
    </package>
    <package name="landing-page.landing-page-birds">
      <metrics statements="4" coveredstatements="4" conditionals="0" coveredconditionals="0" methods="2" coveredmethods="2"/>
      <file name="Bird1.jsx" path="/Users/cristianordonez/Workspace/final-projects/webpack-projects/ePortfolio/client/src/components/Home/landing-page/landing-page-birds/Bird1.jsx">
        <metrics statements="2" coveredstatements="2" conditionals="0" coveredconditionals="0" methods="1" coveredmethods="1"/>
        <line num="4" count="1" type="stmt"/>
        <line num="5" count="2" type="stmt"/>
      </file>
      <file name="Bird2.jsx" path="/Users/cristianordonez/Workspace/final-projects/webpack-projects/ePortfolio/client/src/components/Home/landing-page/landing-page-birds/Bird2.jsx">
        <metrics statements="2" coveredstatements="2" conditionals="0" coveredconditionals="0" methods="1" coveredmethods="1"/>
        <line num="4" count="1" type="stmt"/>
        <line num="5" count="2" type="stmt"/>
      </file>
    </package>
    <package name="landing-page.landing-page-monitor">
      <metrics statements="2" coveredstatements="2" conditionals="0" coveredconditionals="0" methods="1" coveredmethods="1"/>
      <file name="MonitorText.jsx" path="/Users/cristianordonez/Workspace/final-projects/webpack-projects/ePortfolio/client/src/components/Home/landing-page/landing-page-monitor/MonitorText.jsx">
        <metrics statements="2" coveredstatements="2" conditionals="0" coveredconditionals="0" methods="1" coveredmethods="1"/>
        <line num="4" count="1" type="stmt"/>
        <line num="5" count="2" type="stmt"/>
      </file>
    </package>
    <package name="landing-page.landing-page-mug">
      <metrics statements="2" coveredstatements="2" conditionals="0" coveredconditionals="0" methods="1" coveredmethods="1"/>
      <file name="Mug.jsx" path="/Users/cristianordonez/Workspace/final-projects/webpack-projects/ePortfolio/client/src/components/Home/landing-page/landing-page-mug/Mug.jsx">
        <metrics statements="2" coveredstatements="2" conditionals="0" coveredconditionals="0" methods="1" coveredmethods="1"/>
        <line num="4" count="1" type="stmt"/>
        <line num="5" count="2" type="stmt"/>
      </file>
    </package>
    <package name="project-page.project-list">
      <metrics statements="8" coveredstatements="6" conditionals="0" coveredconditionals="0" methods="5" coveredmethods="3"/>
      <file name="ProjectList.jsx" path="/Users/cristianordonez/Workspace/final-projects/webpack-projects/ePortfolio/client/src/components/Home/project-page/project-list/ProjectList.jsx">
        <metrics statements="8" coveredstatements="6" conditionals="0" coveredconditionals="0" methods="5" coveredmethods="3"/>
        <line num="8" count="1" type="stmt"/>
        <line num="9" count="2" type="stmt"/>
        <line num="10" count="2" type="stmt"/>
        <line num="11" count="2" type="stmt"/>
        <line num="14" count="2" type="stmt"/>
        <line num="17" count="0" type="stmt"/>
        <line num="20" count="2" type="stmt"/>
        <line num="32" count="0" type="stmt"/>
      </file>
    </package>
    <package name="project-page.project-list-item">
      <metrics statements="8" coveredstatements="8" conditionals="0" coveredconditionals="0" methods="3" coveredmethods="3"/>
      <file name="ProjectListItem.jsx" path="/Users/cristianordonez/Workspace/final-projects/webpack-projects/ePortfolio/client/src/components/Home/project-page/project-list-item/ProjectListItem.jsx">
        <metrics statements="8" coveredstatements="8" conditionals="0" coveredconditionals="0" methods="3" coveredmethods="3"/>
        <line num="10" count="2" type="stmt"/>
        <line num="17" count="1" type="stmt"/>
        <line num="18" count="1" type="stmt"/>
        <line num="19" count="1" type="stmt"/>
        <line num="21" count="3" type="stmt"/>
        <line num="22" count="3" type="stmt"/>
        <line num="26" count="1" type="stmt"/>
        <line num="28" count="1" type="stmt"/>
      </file>
    </package>
  </project>
</coverage>
