{"/Users/cristianordonez/Workspace/final-projects/webpack-projects/ePortfolio/client/src/components/Home/about-page/About.jsx": {"path":"/Users/cristianordonez/Workspace/final-projects/webpack-projects/ePortfolio/client/src/components/Home/about-page/About.jsx","statementMap":{"0":{"start":{"line":6,"column":14},"end":{"line":37,"column":1}},"1":{"start":{"line":7,"column":3},"end":{"line":36,"column":5}}},"fnMap":{"0":{"name":"(anonymous_0)","decl":{"start":{"line":6,"column":14},"end":{"line":6,"column":15}},"loc":{"start":{"line":6,"column":20},"end":{"line":37,"column":1}},"line":6}},"branchMap":{},"s":{"0":1,"1":1},"f":{"0":1},"b":{},"_coverageSchema":"1a1c01bbd47fc00a2c39e90264f33305004495a9","hash":"223b8da7fa5e8c174a5870c49676d8bf893078db"}
,"/Users/cristianordonez/Workspace/final-projects/webpack-projects/ePortfolio/client/src/components/Home/contact-page/Contact.jsx": {"path":"/Users/cristianordonez/Workspace/final-projects/webpack-projects/ePortfolio/client/src/components/Home/contact-page/Contact.jsx","statementMap":{"0":{"start":{"line":11,"column":16},"end":{"line":125,"column":1}},"1":{"start":{"line":12,"column":27},"end":{"line":12,"column":39}},"2":{"start":{"line":13,"column":29},"end":{"line":13,"column":41}},"3":{"start":{"line":14,"column":33},"end":{"line":14,"column":45}},"4":{"start":{"line":15,"column":33},"end":{"line":15,"column":45}},"5":{"start":{"line":16,"column":47},"end":{"line":16,"column":62}},"6":{"start":{"line":17,"column":27},"end":{"line":17,"column":42}},"7":{"start":{"line":18,"column":37},"end":{"line":18,"column":52}},"8":{"start":{"line":20,"column":24},"end":{"line":41,"column":4}},"9":{"start":{"line":21,"column":6},"end":{"line":21,"column":30}},"10":{"start":{"line":22,"column":6},"end":{"line":22,"column":25}},"11":{"start":{"line":23,"column":24},"end":{"line":23,"column":57}},"12":{"start":{"line":24,"column":20},"end":{"line":24,"column":59}},"13":{"start":{"line":25,"column":6},"end":{"line":36,"column":9}},"14":{"start":{"line":26,"column":9},"end":{"line":26,"column":44}},"15":{"start":{"line":27,"column":9},"end":{"line":27,"column":29}},"16":{"start":{"line":28,"column":9},"end":{"line":28,"column":23}},"17":{"start":{"line":29,"column":9},"end":{"line":29,"column":21}},"18":{"start":{"line":30,"column":9},"end":{"line":30,"column":22}},"19":{"start":{"line":31,"column":9},"end":{"line":31,"column":24}},"20":{"start":{"line":32,"column":9},"end":{"line":32,"column":24}},"21":{"start":{"line":33,"column":9},"end":{"line":35,"column":20}},"22":{"start":{"line":34,"column":12},"end":{"line":34,"column":37}},"23":{"start":{"line":37,"column":6},"end":{"line":40,"column":9}},"24":{"start":{"line":38,"column":9},"end":{"line":38,"column":28}},"25":{"start":{"line":39,"column":9},"end":{"line":39,"column":38}},"26":{"start":{"line":42,"column":23},"end":{"line":45,"column":4}},"27":{"start":{"line":43,"column":6},"end":{"line":43,"column":21}},"28":{"start":{"line":44,"column":6},"end":{"line":44,"column":26}},"29":{"start":{"line":46,"column":3},"end":{"line":124,"column":5}},"30":{"start":{"line":59,"column":35},"end":{"line":59,"column":58}},"31":{"start":{"line":68,"column":35},"end":{"line":68,"column":59}},"32":{"start":{"line":76,"column":35},"end":{"line":76,"column":61}},"33":{"start":{"line":86,"column":35},"end":{"line":86,"column":61}}},"fnMap":{"0":{"name":"(anonymous_0)","decl":{"start":{"line":11,"column":16},"end":{"line":11,"column":17}},"loc":{"start":{"line":11,"column":22},"end":{"line":125,"column":1}},"line":11},"1":{"name":"(anonymous_1)","decl":{"start":{"line":20,"column":24},"end":{"line":20,"column":25}},"loc":{"start":{"line":20,"column":31},"end":{"line":41,"column":4}},"line":20},"2":{"name":"(anonymous_2)","decl":{"start":{"line":25,"column":19},"end":{"line":25,"column":20}},"loc":{"start":{"line":25,"column":33},"end":{"line":36,"column":7}},"line":25},"3":{"name":"(anonymous_3)","decl":{"start":{"line":33,"column":20},"end":{"line":33,"column":21}},"loc":{"start":{"line":33,"column":26},"end":{"line":35,"column":10}},"line":33},"4":{"name":"(anonymous_4)","decl":{"start":{"line":37,"column":20},"end":{"line":37,"column":21}},"loc":{"start":{"line":37,"column":31},"end":{"line":40,"column":7}},"line":37},"5":{"name":"(anonymous_5)","decl":{"start":{"line":42,"column":23},"end":{"line":42,"column":24}},"loc":{"start":{"line":42,"column":29},"end":{"line":45,"column":4}},"line":42},"6":{"name":"(anonymous_6)","decl":{"start":{"line":59,"column":28},"end":{"line":59,"column":29}},"loc":{"start":{"line":59,"column":35},"end":{"line":59,"column":58}},"line":59},"7":{"name":"(anonymous_7)","decl":{"start":{"line":68,"column":28},"end":{"line":68,"column":29}},"loc":{"start":{"line":68,"column":35},"end":{"line":68,"column":59}},"line":68},"8":{"name":"(anonymous_8)","decl":{"start":{"line":76,"column":28},"end":{"line":76,"column":29}},"loc":{"start":{"line":76,"column":35},"end":{"line":76,"column":61}},"line":76},"9":{"name":"(anonymous_9)","decl":{"start":{"line":86,"column":28},"end":{"line":86,"column":29}},"loc":{"start":{"line":86,"column":35},"end":{"line":86,"column":61}},"line":86}},"branchMap":{"0":{"loc":{"start":{"line":100,"column":10},"end":{"line":100,"column":38}},"type":"binary-expr","locations":[{"start":{"line":100,"column":10},"end":{"line":100,"column":24}},{"start":{"line":100,"column":28},"end":{"line":100,"column":38}}],"line":100}},"s":{"0":1,"1":60,"2":60,"3":60,"4":60,"5":60,"6":60,"7":60,"8":60,"9":1,"10":1,"11":1,"12":1,"13":1,"14":1,"15":1,"16":1,"17":1,"18":1,"19":1,"20":1,"21":1,"22":0,"23":1,"24":0,"25":0,"26":60,"27":0,"28":0,"29":60,"30":8,"31":14,"32":12,"33":22},"f":{"0":60,"1":1,"2":1,"3":0,"4":0,"5":0,"6":8,"7":14,"8":12,"9":22},"b":{"0":[60,2]},"_coverageSchema":"1a1c01bbd47fc00a2c39e90264f33305004495a9","hash":"36bb530a32fa8c5483286952e532cfaec1349f64"}
,"/Users/cristianordonez/Workspace/final-projects/webpack-projects/ePortfolio/client/src/components/Home/contact-page/rocket-svg/Rocket.jsx": {"path":"/Users/cristianordonez/Workspace/final-projects/webpack-projects/ePortfolio/client/src/components/Home/contact-page/rocket-svg/Rocket.jsx","statementMap":{"0":{"start":{"line":4,"column":21},"end":{"line":82,"column":1}},"1":{"start":{"line":5,"column":3},"end":{"line":81,"column":9}}},"fnMap":{"0":{"name":"(anonymous_0)","decl":{"start":{"line":4,"column":21},"end":{"line":4,"column":22}},"loc":{"start":{"line":5,"column":3},"end":{"line":81,"column":9}},"line":5}},"branchMap":{},"s":{"0":1,"1":2},"f":{"0":2},"b":{},"_coverageSchema":"1a1c01bbd47fc00a2c39e90264f33305004495a9","hash":"ecbc094faf7d9caa58308c6cfe278575b4b2e731"}
,"/Users/cristianordonez/Workspace/final-projects/webpack-projects/ePortfolio/client/src/components/Home/landing-page/LandingPage.jsx": {"path":"/Users/cristianordonez/Workspace/final-projects/webpack-projects/ePortfolio/client/src/components/Home/landing-page/LandingPage.jsx","statementMap":{"0":{"start":{"line":11,"column":21},"end":{"line":4682,"column":1}},"1":{"start":{"line":12,"column":30},"end":{"line":12,"column":48}},"2":{"start":{"line":21,"column":28},"end":{"line":26,"column":4}},"3":{"start":{"line":27,"column":3},"end":{"line":4681,"column":5}}},"fnMap":{"0":{"name":"(anonymous_0)","decl":{"start":{"line":11,"column":21},"end":{"line":11,"column":22}},"loc":{"start":{"line":11,"column":32},"end":{"line":4682,"column":1}},"line":11}},"branchMap":{},"s":{"0":1,"1":2,"2":2,"3":2},"f":{"0":2},"b":{},"_coverageSchema":"1a1c01bbd47fc00a2c39e90264f33305004495a9","hash":"01760d64a9a022cd4321caed6b447ee7e54ce48e"}
,"/Users/cristianordonez/Workspace/final-projects/webpack-projects/ePortfolio/client/src/components/Home/landing-page/landing-page-birds/Bird1.jsx": {"path":"/Users/cristianordonez/Workspace/final-projects/webpack-projects/ePortfolio/client/src/components/Home/landing-page/landing-page-birds/Bird1.jsx","statementMap":{"0":{"start":{"line":4,"column":14},"end":{"line":38,"column":1}},"1":{"start":{"line":5,"column":3},"end":{"line":37,"column":5}}},"fnMap":{"0":{"name":"(anonymous_0)","decl":{"start":{"line":4,"column":14},"end":{"line":4,"column":15}},"loc":{"start":{"line":4,"column":20},"end":{"line":38,"column":1}},"line":4}},"branchMap":{},"s":{"0":1,"1":2},"f":{"0":2},"b":{},"_coverageSchema":"1a1c01bbd47fc00a2c39e90264f33305004495a9","hash":"434f218d193c34b6455b7e95d4ac55cd33cbc592"}
,"/Users/cristianordonez/Workspace/final-projects/webpack-projects/ePortfolio/client/src/components/Home/landing-page/landing-page-birds/Bird2.jsx": {"path":"/Users/cristianordonez/Workspace/final-projects/webpack-projects/ePortfolio/client/src/components/Home/landing-page/landing-page-birds/Bird2.jsx","statementMap":{"0":{"start":{"line":4,"column":14},"end":{"line":38,"column":1}},"1":{"start":{"line":5,"column":3},"end":{"line":37,"column":5}}},"fnMap":{"0":{"name":"(anonymous_0)","decl":{"start":{"line":4,"column":14},"end":{"line":4,"column":15}},"loc":{"start":{"line":4,"column":20},"end":{"line":38,"column":1}},"line":4}},"branchMap":{},"s":{"0":1,"1":2},"f":{"0":2},"b":{},"_coverageSchema":"1a1c01bbd47fc00a2c39e90264f33305004495a9","hash":"4e35f011738159e150515c3bdb6d37f53f658592"}
,"/Users/cristianordonez/Workspace/final-projects/webpack-projects/ePortfolio/client/src/components/Home/landing-page/landing-page-lamp/Lamp.jsx": {"path":"/Users/cristianordonez/Workspace/final-projects/webpack-projects/ePortfolio/client/src/components/Home/landing-page/landing-page-lamp/Lamp.jsx","statementMap":{"0":{"start":{"line":3,"column":13},"end":{"line":182,"column":1}},"1":{"start":{"line":4,"column":3},"end":{"line":181,"column":5}}},"fnMap":{"0":{"name":"(anonymous_0)","decl":{"start":{"line":3,"column":13},"end":{"line":3,"column":14}},"loc":{"start":{"line":3,"column":19},"end":{"line":182,"column":1}},"line":3}},"branchMap":{},"s":{"0":1,"1":2},"f":{"0":2},"b":{},"_coverageSchema":"1a1c01bbd47fc00a2c39e90264f33305004495a9","hash":"38272875234c1539329bc5c9e8413004e9236a6c"}
,"/Users/cristianordonez/Workspace/final-projects/webpack-projects/ePortfolio/client/src/components/Home/landing-page/landing-page-monitor/MonitorText.jsx": {"path":"/Users/cristianordonez/Workspace/final-projects/webpack-projects/ePortfolio/client/src/components/Home/landing-page/landing-page-monitor/MonitorText.jsx","statementMap":{"0":{"start":{"line":4,"column":20},"end":{"line":782,"column":1}},"1":{"start":{"line":5,"column":3},"end":{"line":781,"column":5}}},"fnMap":{"0":{"name":"(anonymous_0)","decl":{"start":{"line":4,"column":20},"end":{"line":4,"column":21}},"loc":{"start":{"line":4,"column":26},"end":{"line":782,"column":1}},"line":4}},"branchMap":{},"s":{"0":1,"1":2},"f":{"0":2},"b":{},"_coverageSchema":"1a1c01bbd47fc00a2c39e90264f33305004495a9","hash":"297a02d75e1af8759c7a37dead1f4ffa34ea1dd0"}
,"/Users/cristianordonez/Workspace/final-projects/webpack-projects/ePortfolio/client/src/components/Home/landing-page/landing-page-mug/Mug.jsx": {"path":"/Users/cristianordonez/Workspace/final-projects/webpack-projects/ePortfolio/client/src/components/Home/landing-page/landing-page-mug/Mug.jsx","statementMap":{"0":{"start":{"line":4,"column":14},"end":{"line":90,"column":1}},"1":{"start":{"line":5,"column":3},"end":{"line":89,"column":5}}},"fnMap":{"0":{"name":"(anonymous_0)","decl":{"start":{"line":4,"column":14},"end":{"line":4,"column":15}},"loc":{"start":{"line":4,"column":20},"end":{"line":90,"column":1}},"line":4}},"branchMap":{},"s":{"0":1,"1":2},"f":{"0":2},"b":{},"_coverageSchema":"1a1c01bbd47fc00a2c39e90264f33305004495a9","hash":"7818935eb5d3601a1ba0bb2ea028c794c1347fbc"}
,"/Users/cristianordonez/Workspace/final-projects/webpack-projects/ePortfolio/client/src/components/Home/project-page/project-list/ProjectList.jsx": {"path":"/Users/cristianordonez/Workspace/final-projects/webpack-projects/ePortfolio/client/src/components/Home/project-page/project-list/ProjectList.jsx","statementMap":{"0":{"start":{"line":8,"column":20},"end":{"line":37,"column":1}},"1":{"start":{"line":9,"column":29},"end":{"line":9,"column":41}},"2":{"start":{"line":10,"column":3},"end":{"line":20,"column":10}},"3":{"start":{"line":11,"column":6},"end":{"line":19,"column":12}},"4":{"start":{"line":14,"column":12},"end":{"line":14,"column":51}},"5":{"start":{"line":15,"column":12},"end":{"line":15,"column":33}},"6":{"start":{"line":18,"column":12},"end":{"line":18,"column":55}},"7":{"start":{"line":21,"column":3},"end":{"line":21,"column":32}},"8":{"start":{"line":22,"column":3},"end":{"line":36,"column":5}},"9":{"start":{"line":26,"column":12},"end":{"line":33,"column":14}}},"fnMap":{"0":{"name":"(anonymous_0)","decl":{"start":{"line":8,"column":20},"end":{"line":8,"column":21}},"loc":{"start":{"line":8,"column":26},"end":{"line":37,"column":1}},"line":8},"1":{"name":"(anonymous_1)","decl":{"start":{"line":10,"column":13},"end":{"line":10,"column":14}},"loc":{"start":{"line":10,"column":19},"end":{"line":20,"column":4}},"line":10},"2":{"name":"(anonymous_2)","decl":{"start":{"line":13,"column":15},"end":{"line":13,"column":16}},"loc":{"start":{"line":13,"column":26},"end":{"line":16,"column":10}},"line":13},"3":{"name":"(anonymous_3)","decl":{"start":{"line":17,"column":16},"end":{"line":17,"column":17}},"loc":{"start":{"line":17,"column":25},"end":{"line":19,"column":10}},"line":17},"4":{"name":"(anonymous_4)","decl":{"start":{"line":25,"column":20},"end":{"line":25,"column":21}},"loc":{"start":{"line":26,"column":12},"end":{"line":33,"column":14}},"line":26}},"branchMap":{},"s":{"0":1,"1":2,"2":2,"3":2,"4":2,"5":2,"6":0,"7":2,"8":2,"9":0},"f":{"0":2,"1":2,"2":2,"3":0,"4":0},"b":{},"_coverageSchema":"1a1c01bbd47fc00a2c39e90264f33305004495a9","hash":"e7ed2ea6718c57599f3a718a114e17f2a07b3e42"}
,"/Users/cristianordonez/Workspace/final-projects/webpack-projects/ePortfolio/client/src/components/Home/project-page/project-list-item/ProjectListItem.jsx": {"path":"/Users/cristianordonez/Workspace/final-projects/webpack-projects/ePortfolio/client/src/components/Home/project-page/project-list-item/ProjectListItem.jsx","statementMap":{"0":{"start":{"line":10,"column":24},"end":{"line":55,"column":1}},"1":{"start":{"line":17,"column":25},"end":{"line":26,"column":4}},"2":{"start":{"line":18,"column":28},"end":{"line":18,"column":77}},"3":{"start":{"line":19,"column":6},"end":{"line":25,"column":20}},"4":{"start":{"line":21,"column":12},"end":{"line":21,"column":39}},"5":{"start":{"line":22,"column":25},"end":{"line":22,"column":46}},"6":{"start":{"line":23,"column":12},"end":{"line":23,"column":42}},"7":{"start":{"line":27,"column":19},"end":{"line":27,"column":38}},"8":{"start":{"line":29,"column":3},"end":{"line":54,"column":5}}},"fnMap":{"0":{"name":"(anonymous_0)","decl":{"start":{"line":10,"column":24},"end":{"line":10,"column":25}},"loc":{"start":{"line":16,"column":6},"end":{"line":55,"column":1}},"line":16},"1":{"name":"(anonymous_1)","decl":{"start":{"line":17,"column":25},"end":{"line":17,"column":26}},"loc":{"start":{"line":17,"column":35},"end":{"line":26,"column":4}},"line":17},"2":{"name":"(anonymous_2)","decl":{"start":{"line":20,"column":14},"end":{"line":20,"column":15}},"loc":{"start":{"line":20,"column":24},"end":{"line":24,"column":10}},"line":20}},"branchMap":{},"s":{"0":2,"1":1,"2":1,"3":1,"4":3,"5":3,"6":3,"7":1,"8":1},"f":{"0":1,"1":1,"2":3},"b":{},"_coverageSchema":"1a1c01bbd47fc00a2c39e90264f33305004495a9","hash":"649cfeaa907f880128d74c2c164c77cf7f2a3209"}
}
