{"/Users/cristianordonez/Workspace/final-projects/webpack-projects/ePortfolio/client/src/components/Home/about-page/About.jsx": {"path":"/Users/cristianordonez/Workspace/final-projects/webpack-projects/ePortfolio/client/src/components/Home/about-page/About.jsx","statementMap":{"0":{"start":{"line":6,"column":14},"end":{"line":37,"column":1}},"1":{"start":{"line":7,"column":3},"end":{"line":36,"column":5}}},"fnMap":{"0":{"name":"(anonymous_0)","decl":{"start":{"line":6,"column":14},"end":{"line":6,"column":15}},"loc":{"start":{"line":6,"column":20},"end":{"line":37,"column":1}},"line":6}},"branchMap":{},"s":{"0":1,"1":1},"f":{"0":1},"b":{},"_coverageSchema":"1a1c01bbd47fc00a2c39e90264f33305004495a9","hash":"223b8da7fa5e8c174a5870c49676d8bf893078db"}
,"/Users/cristianordonez/Workspace/final-projects/webpack-projects/ePortfolio/client/src/components/Home/contact-page/Contact.jsx": {"path":"/Users/cristianordonez/Workspace/final-projects/webpack-projects/ePortfolio/client/src/components/Home/contact-page/Contact.jsx","statementMap":{"0":{"start":{"line":11,"column":16},"end":{"line":124,"column":1}},"1":{"start":{"line":12,"column":27},"end":{"line":12,"column":39}},"2":{"start":{"line":13,"column":29},"end":{"line":13,"column":41}},"3":{"start":{"line":14,"column":33},"end":{"line":14,"column":45}},"4":{"start":{"line":15,"column":33},"end":{"line":15,"column":45}},"5":{"start":{"line":16,"column":47},"end":{"line":16,"column":62}},"6":{"start":{"line":17,"column":27},"end":{"line":17,"column":42}},"7":{"start":{"line":18,"column":37},"end":{"line":18,"column":52}},"8":{"start":{"line":20,"column":24},"end":{"line":40,"column":4}},"9":{"start":{"line":21,"column":6},"end":{"line":21,"column":30}},"10":{"start":{"line":22,"column":6},"end":{"line":22,"column":25}},"11":{"start":{"line":23,"column":24},"end":{"line":23,"column":57}},"12":{"start":{"line":24,"column":20},"end":{"line":24,"column":59}},"13":{"start":{"line":25,"column":6},"end":{"line":35,"column":9}},"14":{"start":{"line":26,"column":9},"end":{"line":26,"column":29}},"15":{"start":{"line":27,"column":9},"end":{"line":27,"column":23}},"16":{"start":{"line":28,"column":9},"end":{"line":28,"column":21}},"17":{"start":{"line":29,"column":9},"end":{"line":29,"column":22}},"18":{"start":{"line":30,"column":9},"end":{"line":30,"column":24}},"19":{"start":{"line":31,"column":9},"end":{"line":31,"column":24}},"20":{"start":{"line":32,"column":9},"end":{"line":34,"column":20}},"21":{"start":{"line":33,"column":12},"end":{"line":33,"column":37}},"22":{"start":{"line":36,"column":6},"end":{"line":39,"column":9}},"23":{"start":{"line":37,"column":9},"end":{"line":37,"column":28}},"24":{"start":{"line":38,"column":9},"end":{"line":38,"column":38}},"25":{"start":{"line":41,"column":23},"end":{"line":44,"column":4}},"26":{"start":{"line":42,"column":6},"end":{"line":42,"column":21}},"27":{"start":{"line":43,"column":6},"end":{"line":43,"column":26}},"28":{"start":{"line":45,"column":3},"end":{"line":123,"column":5}},"29":{"start":{"line":58,"column":35},"end":{"line":58,"column":58}},"30":{"start":{"line":67,"column":35},"end":{"line":67,"column":59}},"31":{"start":{"line":75,"column":35},"end":{"line":75,"column":61}},"32":{"start":{"line":85,"column":35},"end":{"line":85,"column":61}}},"fnMap":{"0":{"name":"(anonymous_0)","decl":{"start":{"line":11,"column":16},"end":{"line":11,"column":17}},"loc":{"start":{"line":11,"column":22},"end":{"line":124,"column":1}},"line":11},"1":{"name":"(anonymous_1)","decl":{"start":{"line":20,"column":24},"end":{"line":20,"column":25}},"loc":{"start":{"line":20,"column":31},"end":{"line":40,"column":4}},"line":20},"2":{"name":"(anonymous_2)","decl":{"start":{"line":25,"column":19},"end":{"line":25,"column":20}},"loc":{"start":{"line":25,"column":33},"end":{"line":35,"column":7}},"line":25},"3":{"name":"(anonymous_3)","decl":{"start":{"line":32,"column":20},"end":{"line":32,"column":21}},"loc":{"start":{"line":32,"column":26},"end":{"line":34,"column":10}},"line":32},"4":{"name":"(anonymous_4)","decl":{"start":{"line":36,"column":20},"end":{"line":36,"column":21}},"loc":{"start":{"line":36,"column":31},"end":{"line":39,"column":7}},"line":36},"5":{"name":"(anonymous_5)","decl":{"start":{"line":41,"column":23},"end":{"line":41,"column":24}},"loc":{"start":{"line":41,"column":29},"end":{"line":44,"column":4}},"line":41},"6":{"name":"(anonymous_6)","decl":{"start":{"line":58,"column":28},"end":{"line":58,"column":29}},"loc":{"start":{"line":58,"column":35},"end":{"line":58,"column":58}},"line":58},"7":{"name":"(anonymous_7)","decl":{"start":{"line":67,"column":28},"end":{"line":67,"column":29}},"loc":{"start":{"line":67,"column":35},"end":{"line":67,"column":59}},"line":67},"8":{"name":"(anonymous_8)","decl":{"start":{"line":75,"column":28},"end":{"line":75,"column":29}},"loc":{"start":{"line":75,"column":35},"end":{"line":75,"column":61}},"line":75},"9":{"name":"(anonymous_9)","decl":{"start":{"line":85,"column":28},"end":{"line":85,"column":29}},"loc":{"start":{"line":85,"column":35},"end":{"line":85,"column":61}},"line":85}},"branchMap":{"0":{"loc":{"start":{"line":99,"column":10},"end":{"line":99,"column":38}},"type":"binary-expr","locations":[{"start":{"line":99,"column":10},"end":{"line":99,"column":24}},{"start":{"line":99,"column":28},"end":{"line":99,"column":38}}],"line":99}},"s":{"0":1,"1":59,"2":59,"3":59,"4":59,"5":59,"6":59,"7":59,"8":59,"9":1,"10":1,"11":1,"12":1,"13":1,"14":0,"15":0,"16":0,"17":0,"18":0,"19":0,"20":0,"21":0,"22":1,"23":0,"24":0,"25":59,"26":0,"27":0,"28":59,"29":8,"30":14,"31":12,"32":22},"f":{"0":59,"1":1,"2":0,"3":0,"4":0,"5":0,"6":8,"7":14,"8":12,"9":22},"b":{"0":[59,1]},"_coverageSchema":"1a1c01bbd47fc00a2c39e90264f33305004495a9","hash":"622ffa47aa8498c3f2e7763a4df15c052abece3d"}
,"/Users/cristianordonez/Workspace/final-projects/webpack-projects/ePortfolio/client/src/components/Home/contact-page/rocket-svg/Rocket.jsx": {"path":"/Users/cristianordonez/Workspace/final-projects/webpack-projects/ePortfolio/client/src/components/Home/contact-page/rocket-svg/Rocket.jsx","statementMap":{"0":{"start":{"line":4,"column":21},"end":{"line":82,"column":1}},"1":{"start":{"line":5,"column":3},"end":{"line":81,"column":9}}},"fnMap":{"0":{"name":"(anonymous_0)","decl":{"start":{"line":4,"column":21},"end":{"line":4,"column":22}},"loc":{"start":{"line":5,"column":3},"end":{"line":81,"column":9}},"line":5}},"branchMap":{},"s":{"0":1,"1":1},"f":{"0":1},"b":{},"_coverageSchema":"1a1c01bbd47fc00a2c39e90264f33305004495a9","hash":"ecbc094faf7d9caa58308c6cfe278575b4b2e731"}
,"/Users/cristianordonez/Workspace/final-projects/webpack-projects/ePortfolio/client/src/components/Home/landing-page/LandingPage.jsx": {"path":"/Users/cristianordonez/Workspace/final-projects/webpack-projects/ePortfolio/client/src/components/Home/landing-page/LandingPage.jsx","statementMap":{"0":{"start":{"line":11,"column":21},"end":{"line":4682,"column":1}},"1":{"start":{"line":12,"column":30},"end":{"line":12,"column":48}},"2":{"start":{"line":21,"column":28},"end":{"line":26,"column":4}},"3":{"start":{"line":27,"column":3},"end":{"line":4681,"column":5}}},"fnMap":{"0":{"name":"(anonymous_0)","decl":{"start":{"line":11,"column":21},"end":{"line":11,"column":22}},"loc":{"start":{"line":11,"column":32},"end":{"line":4682,"column":1}},"line":11}},"branchMap":{},"s":{"0":1,"1":2,"2":2,"3":2},"f":{"0":2},"b":{},"_coverageSchema":"1a1c01bbd47fc00a2c39e90264f33305004495a9","hash":"01760d64a9a022cd4321caed6b447ee7e54ce48e"}
,"/Users/cristianordonez/Workspace/final-projects/webpack-projects/ePortfolio/client/src/components/Home/landing-page/landing-page-birds/Bird1.jsx": {"path":"/Users/cristianordonez/Workspace/final-projects/webpack-projects/ePortfolio/client/src/components/Home/landing-page/landing-page-birds/Bird1.jsx","statementMap":{"0":{"start":{"line":4,"column":14},"end":{"line":38,"column":1}},"1":{"start":{"line":5,"column":3},"end":{"line":37,"column":5}}},"fnMap":{"0":{"name":"(anonymous_0)","decl":{"start":{"line":4,"column":14},"end":{"line":4,"column":15}},"loc":{"start":{"line":4,"column":20},"end":{"line":38,"column":1}},"line":4}},"branchMap":{},"s":{"0":1,"1":2},"f":{"0":2},"b":{},"_coverageSchema":"1a1c01bbd47fc00a2c39e90264f33305004495a9","hash":"434f218d193c34b6455b7e95d4ac55cd33cbc592"}
,"/Users/cristianordonez/Workspace/final-projects/webpack-projects/ePortfolio/client/src/components/Home/landing-page/landing-page-birds/Bird2.jsx": {"path":"/Users/cristianordonez/Workspace/final-projects/webpack-projects/ePortfolio/client/src/components/Home/landing-page/landing-page-birds/Bird2.jsx","statementMap":{"0":{"start":{"line":4,"column":14},"end":{"line":38,"column":1}},"1":{"start":{"line":5,"column":3},"end":{"line":37,"column":5}}},"fnMap":{"0":{"name":"(anonymous_0)","decl":{"start":{"line":4,"column":14},"end":{"line":4,"column":15}},"loc":{"start":{"line":4,"column":20},"end":{"line":38,"column":1}},"line":4}},"branchMap":{},"s":{"0":1,"1":2},"f":{"0":2},"b":{},"_coverageSchema":"1a1c01bbd47fc00a2c39e90264f33305004495a9","hash":"4e35f011738159e150515c3bdb6d37f53f658592"}
,"/Users/cristianordonez/Workspace/final-projects/webpack-projects/ePortfolio/client/src/components/Home/landing-page/landing-page-lamp/Lamp.jsx": {"path":"/Users/cristianordonez/Workspace/final-projects/webpack-projects/ePortfolio/client/src/components/Home/landing-page/landing-page-lamp/Lamp.jsx","statementMap":{"0":{"start":{"line":3,"column":13},"end":{"line":182,"column":1}},"1":{"start":{"line":4,"column":3},"end":{"line":181,"column":5}}},"fnMap":{"0":{"name":"(anonymous_0)","decl":{"start":{"line":3,"column":13},"end":{"line":3,"column":14}},"loc":{"start":{"line":3,"column":19},"end":{"line":182,"column":1}},"line":3}},"branchMap":{},"s":{"0":1,"1":2},"f":{"0":2},"b":{},"_coverageSchema":"1a1c01bbd47fc00a2c39e90264f33305004495a9","hash":"38272875234c1539329bc5c9e8413004e9236a6c"}
,"/Users/cristianordonez/Workspace/final-projects/webpack-projects/ePortfolio/client/src/components/Home/landing-page/landing-page-monitor/MonitorText.jsx": {"path":"/Users/cristianordonez/Workspace/final-projects/webpack-projects/ePortfolio/client/src/components/Home/landing-page/landing-page-monitor/MonitorText.jsx","statementMap":{"0":{"start":{"line":4,"column":20},"end":{"line":782,"column":1}},"1":{"start":{"line":5,"column":3},"end":{"line":781,"column":5}}},"fnMap":{"0":{"name":"(anonymous_0)","decl":{"start":{"line":4,"column":20},"end":{"line":4,"column":21}},"loc":{"start":{"line":4,"column":26},"end":{"line":782,"column":1}},"line":4}},"branchMap":{},"s":{"0":1,"1":2},"f":{"0":2},"b":{},"_coverageSchema":"1a1c01bbd47fc00a2c39e90264f33305004495a9","hash":"297a02d75e1af8759c7a37dead1f4ffa34ea1dd0"}
,"/Users/cristianordonez/Workspace/final-projects/webpack-projects/ePortfolio/client/src/components/Home/landing-page/landing-page-mug/Mug.jsx": {"path":"/Users/cristianordonez/Workspace/final-projects/webpack-projects/ePortfolio/client/src/components/Home/landing-page/landing-page-mug/Mug.jsx","statementMap":{"0":{"start":{"line":4,"column":14},"end":{"line":90,"column":1}},"1":{"start":{"line":5,"column":3},"end":{"line":89,"column":5}}},"fnMap":{"0":{"name":"(anonymous_0)","decl":{"start":{"line":4,"column":14},"end":{"line":4,"column":15}},"loc":{"start":{"line":4,"column":20},"end":{"line":90,"column":1}},"line":4}},"branchMap":{},"s":{"0":1,"1":2},"f":{"0":2},"b":{},"_coverageSchema":"1a1c01bbd47fc00a2c39e90264f33305004495a9","hash":"7818935eb5d3601a1ba0bb2ea028c794c1347fbc"}
}
